WordPress/manifest-merger-eNCA-release-report.txt
-- Merging decision tree log ---
manifest
ADDED from AndroidManifest.xml:2:1
	package
		ADDED from AndroidManifest.xml:4:5
		INJECTED from AndroidManifest.xml:0:0
		INJECTED from AndroidManifest.xml:0:0
	android:versionName
		INJECTED from AndroidManifest.xml:0:0
		INJECTED from AndroidManifest.xml:0:0
	xmlns:tools
		ADDED from AndroidManifest.xml:3:5
	xmlns:android
		ADDED from AndroidManifest.xml:2:11
	android:versionCode
		INJECTED from AndroidManifest.xml:0:0
		INJECTED from AndroidManifest.xml:0:0
	android:installLocation
		ADDED from AndroidManifest.xml:5:5
supports-screens
ADDED from AndroidManifest.xml:7:5
	android:largeScreens
		ADDED from AndroidManifest.xml:9:9
	android:smallScreens
		ADDED from AndroidManifest.xml:11:9
	android:normalScreens
		ADDED from AndroidManifest.xml:10:9
	android:anyDensity
		ADDED from AndroidManifest.xml:8:9
uses-permission#android.permission.INTERNET
ADDED from AndroidManifest.xml:13:5
MERGED from com.crashlytics.sdk.android:crashlytics:2.6.0:9:5
MERGED from com.crashlytics.sdk.android:crashlytics-core:2.3.10:9:5
MERGED from com.crashlytics.sdk.android:answers:1.3.8:9:5
MERGED from io.fabric.sdk.android:fabric:1.3.12:25:5
MERGED from io.fabric.sdk.android:fabric:1.3.12:25:5
MERGED from io.fabric.sdk.android:fabric:1.3.12:25:5
MERGED from com.crashlytics.sdk.android:beta:1.2.0:9:5
MERGED from io.fabric.sdk.android:fabric:1.3.12:25:5
MERGED from com.crashlytics.sdk.android:answers:1.3.8:9:5
MERGED from io.fabric.sdk.android:fabric:1.3.12:25:5
MERGED from com.helpshift:android-aar:3.8.0:11:5
MERGED from com.automattic:rest:1.0.1:11:5
MERGED from com.simperium.android:simperium:0.6.4:11:5
MERGED from com.daimajia.slider:library:1.1.5:11:5
MERGED from com.automattic:rest:1.0.1:11:5
MERGED from com.mixpanel.android:mixpanel-android:4.3.0:17:5
	android:name
		ADDED from AndroidManifest.xml:13:22
uses-permission#android.permission.CAMERA
ADDED from AndroidManifest.xml:14:5
	android:name
		ADDED from AndroidManifest.xml:14:22
uses-permission#android.permission.WRITE_EXTERNAL_STORAGE
ADDED from AndroidManifest.xml:15:5
MERGED from com.helpshift:android-aar:3.8.0:13:5
MERGED from com.daimajia.slider:library:1.1.5:12:5
	android:name
		ADDED from AndroidManifest.xml:15:22
uses-permission#android.permission.VIBRATE
ADDED from AndroidManifest.xml:16:5
MERGED from com.github.citux:datetimepicker:0.2.0:26:5
	android:name
		ADDED from AndroidManifest.xml:16:22
uses-permission#android.permission.ACCESS_FINE_LOCATION
ADDED from AndroidManifest.xml:17:5
	android:name
		ADDED from AndroidManifest.xml:17:22
uses-permission#android.permission.ACCESS_COARSE_LOCATION
ADDED from AndroidManifest.xml:18:5
	android:name
		ADDED from AndroidManifest.xml:18:22
uses-permission#android.permission.ACCESS_NETWORK_STATE
ADDED from AndroidManifest.xml:19:5
MERGED from com.helpshift:android-aar:3.8.0:12:5
MERGED from com.simperium.android:simperium:0.6.4:10:5
	android:name
		ADDED from AndroidManifest.xml:19:22
uses-permission#com.android.launcher.permission.INSTALL_SHORTCUT
ADDED from AndroidManifest.xml:20:5
	android:name
		ADDED from AndroidManifest.xml:20:22
uses-permission#com.android.launcher.permission.UNINSTALL_SHORTCUT
ADDED from AndroidManifest.xml:21:5
	android:name
		ADDED from AndroidManifest.xml:21:22
uses-permission#com.google.android.c2dm.permission.RECEIVE
ADDED from AndroidManifest.xml:24:5
	android:name
		ADDED from AndroidManifest.xml:24:22
uses-permission#android.permission.GET_ACCOUNTS
ADDED from AndroidManifest.xml:25:5
	android:name
		ADDED from AndroidManifest.xml:25:22
uses-permission#android.permission.WAKE_LOCK
ADDED from AndroidManifest.xml:26:5
	android:name
		ADDED from AndroidManifest.xml:26:22
permission#org.codeforafrica.citizenreporter.eNCA.permission.C2D_MESSAGE
ADDED from AndroidManifest.xml:28:5
	android:protectionLevel
		ADDED from AndroidManifest.xml:28:94
	android:name
		ADDED from AndroidManifest.xml:28:17
uses-permission#org.codeforafrica.citizenreporter.eNCA.permission.C2D_MESSAGE
ADDED from AndroidManifest.xml:29:5
	android:name
		ADDED from AndroidManifest.xml:29:22
uses-permission#android.permission.RECORD_AUDIO
ADDED from AndroidManifest.xml:33:5
	android:name
		ADDED from AndroidManifest.xml:33:22
uses-permission#android.permission.READ_PHONE_STATE
ADDED from AndroidManifest.xml:34:5
	android:name
		ADDED from AndroidManifest.xml:34:22
uses-feature#android.hardware.camera
ADDED from AndroidManifest.xml:36:5
	android:required
		ADDED from AndroidManifest.xml:38:9
	android:name
		ADDED from AndroidManifest.xml:37:9
uses-feature#android.hardware.location
ADDED from AndroidManifest.xml:39:5
	android:required
		ADDED from AndroidManifest.xml:41:9
	android:name
		ADDED from AndroidManifest.xml:40:9
uses-feature#android.hardware.location.gps
ADDED from AndroidManifest.xml:42:5
	android:required
		ADDED from AndroidManifest.xml:44:9
	android:name
		ADDED from AndroidManifest.xml:43:9
uses-feature#android.hardware.location.network
ADDED from AndroidManifest.xml:45:5
	android:required
		ADDED from AndroidManifest.xml:47:9
	android:name
		ADDED from AndroidManifest.xml:46:9
uses-feature#android.hardware.touchscreen
ADDED from AndroidManifest.xml:48:5
	android:required
		ADDED from AndroidManifest.xml:50:9
	android:name
		ADDED from AndroidManifest.xml:49:9
application
ADDED from AndroidManifest.xml:52:5
MERGED from com.crashlytics.sdk.android:crashlytics:2.6.0:11:5
MERGED from com.crashlytics.sdk.android:crashlytics-core:2.3.10:11:5
MERGED from com.crashlytics.sdk.android:answers:1.3.8:11:5
MERGED from io.fabric.sdk.android:fabric:1.3.12:27:5
MERGED from io.fabric.sdk.android:fabric:1.3.12:27:5
MERGED from io.fabric.sdk.android:fabric:1.3.12:27:5
MERGED from com.crashlytics.sdk.android:beta:1.2.0:11:5
MERGED from io.fabric.sdk.android:fabric:1.3.12:27:5
MERGED from com.crashlytics.sdk.android:answers:1.3.8:11:5
MERGED from io.fabric.sdk.android:fabric:1.3.12:27:5
MERGED from org.wordpress:mediapicker:1.2.3:11:5
MERGED from com.github.markushi:circlebutton:1.1:9:5
MERGED from com.android.support:support-v13:23.1.1:22:5
MERGED from com.android.support:support-v4:24.1.1:25:5
MERGED from com.android.support:appcompat-v7:21.0.3:16:5
MERGED from com.android.support:support-v4:24.1.1:25:5
MERGED from com.android.support:cardview-v7:21.0.3:16:5
MERGED from com.android.support:recyclerview-v7:21.0.3:17:5
MERGED from com.android.support:support-v4:24.1.1:25:5
MERGED from com.github.chrisbanes.photoview:library:1.2.3:4:5
MERGED from com.android.support:support-v4:24.1.1:25:5
MERGED from com.helpshift:android-aar:3.8.0:15:5
MERGED from com.getbase:floatingactionbutton:1.9.0:12:5
MERGED from com.android.support:support-v4:24.1.1:25:5
MERGED from org.wordpress:slidinguppanel:1.0.0:11:5
MERGED from com.android.support:support-v4:24.1.1:25:5
MERGED from org.wordpress:emailchecker:0.3:11:5
MERGED from com.simperium.android:simperium:0.6.4:13:5
MERGED from com.android.support:appcompat-v7:21.0.3:16:5
MERGED from com.android.support:support-v4:24.1.1:25:5
MERGED from com.android.support:support-v4:24.1.1:25:5
MERGED from com.github.traex.expandablelayout:library:1.3:11:5
MERGED from com.github.gabrielemariotti.cards:cardslib-cards:2.0.1:28:5
MERGED from com.github.gabrielemariotti.cards:cardslib-core:2.0.1:28:5
MERGED from com.android.support:cardview-v7:21.0.3:16:5
MERGED from com.android.support:support-v4:24.1.1:25:5
MERGED from com.github.traex.rippleeffect:library:1.3:12:5
MERGED from com.github.citux:datetimepicker:0.2.0:28:5
MERGED from com.android.support:support-v13:23.1.1:22:5
MERGED from com.android.support:support-v4:24.1.1:25:5
MERGED from com.google.android.gms:play-services-appindexing:8.1.0:19:5
MERGED from com.google.android.gms:play-services-basement:8.1.0:20:5
MERGED from com.android.support:support-v4:24.1.1:25:5
MERGED from com.android.support:support-v13:23.1.1:22:5
MERGED from com.android.support:support-v4:24.1.1:25:5
MERGED from com.mixpanel.android:mixpanel-android:4.3.0:44:5
MERGED from org.wordpress:WordPressEditor:1.0:release:11:5
MERGED from com.android.support:appcompat-v7:21.0.3:16:5
MERGED from com.android.support:support-v4:24.1.1:25:5
MERGED from com.android.support:support-v4:24.1.1:25:5
	android:label
		ADDED from AndroidManifest.xml:57:9
	android:hardwareAccelerated
		ADDED from AndroidManifest.xml:55:9
	tools:ignore
		ADDED from com.mixpanel.android:mixpanel-android:4.3.0:44:18
	android:allowBackup
		ADDED from AndroidManifest.xml:54:9
		REJECTED from org.wordpress:mediapicker:1.2.3:12:9
		REJECTED from com.github.chrisbanes.photoview:library:1.2.3:4:18
		REJECTED from org.wordpress:emailchecker:0.3:11:18
	android:icon
		ADDED from AndroidManifest.xml:56:9
		REJECTED from org.wordpress:mediapicker:1.2.3:13:9
	android:largeHeap
		ADDED from AndroidManifest.xml:59:9
	android:theme
		ADDED from AndroidManifest.xml:58:9
	tools:replace
		ADDED from AndroidManifest.xml:60:9
	android:name
		ADDED from AndroidManifest.xml:53:9
activity#org.codeforafrica.citizenreporter.eNCA.ui.WPLaunchActivity
ADDED from AndroidManifest.xml:62:9
	android:noHistory
		ADDED from AndroidManifest.xml:64:13
	android:theme
		ADDED from AndroidManifest.xml:65:13
	android:name
		ADDED from AndroidManifest.xml:63:13
intent-filter#android.intent.action.MAIN+android.intent.category.LAUNCHER
ADDED from AndroidManifest.xml:66:13
action#android.intent.action.MAIN
ADDED from AndroidManifest.xml:67:17
	android:name
		ADDED from AndroidManifest.xml:67:25
category#android.intent.category.LAUNCHER
ADDED from AndroidManifest.xml:68:17
	android:name
		ADDED from AndroidManifest.xml:68:27
activity#org.codeforafrica.citizenreporter.eNCA.ui.accounts.RegisterActivity
ADDED from AndroidManifest.xml:75:9
	android:windowSoftInputMode
		ADDED from AndroidManifest.xml:78:9
	android:configChanges
		ADDED from AndroidManifest.xml:77:9
	android:theme
		ADDED from AndroidManifest.xml:79:9
	android:name
		ADDED from AndroidManifest.xml:76:9
activity#org.codeforafrica.citizenreporter.eNCA.ui.accounts.EditProfileActivity
ADDED from AndroidManifest.xml:80:9
	android:windowSoftInputMode
		ADDED from AndroidManifest.xml:83:9
	android:configChanges
		ADDED from AndroidManifest.xml:82:9
	android:theme
		ADDED from AndroidManifest.xml:84:9
	android:name
		ADDED from AndroidManifest.xml:81:9
activity#org.codeforafrica.citizenreporter.eNCA.ui.accounts.SignInActivity
ADDED from AndroidManifest.xml:85:9
	android:windowSoftInputMode
		ADDED from AndroidManifest.xml:88:13
	android:configChanges
		ADDED from AndroidManifest.xml:87:13
	android:theme
		ADDED from AndroidManifest.xml:89:13
	android:name
		ADDED from AndroidManifest.xml:86:13
activity#org.codeforafrica.citizenreporter.eNCA.ui.accounts.NewAccountActivity
ADDED from AndroidManifest.xml:90:9
	android:windowSoftInputMode
		ADDED from AndroidManifest.xml:93:13
	android:configChanges
		ADDED from AndroidManifest.xml:91:13
	android:theme
		ADDED from AndroidManifest.xml:92:13
	android:name
		ADDED from AndroidManifest.xml:90:19
activity#org.codeforafrica.citizenreporter.eNCA.ui.accounts.NewBlogActivity
ADDED from AndroidManifest.xml:94:9
	android:windowSoftInputMode
		ADDED from AndroidManifest.xml:97:13
	android:configChanges
		ADDED from AndroidManifest.xml:96:13
	android:theme
		ADDED from AndroidManifest.xml:98:13
	android:name
		ADDED from AndroidManifest.xml:95:13
activity#org.codeforafrica.citizenreporter.eNCA.ui.accounts.HelpActivity
ADDED from AndroidManifest.xml:99:9
	android:label
		ADDED from AndroidManifest.xml:102:13
	android:theme
		ADDED from AndroidManifest.xml:101:13
	android:name
		ADDED from AndroidManifest.xml:100:13
activity#org.codeforafrica.citizenreporter.eNCA.ui.prefs.AboutActivity
ADDED from AndroidManifest.xml:105:9
	android:theme
		ADDED from AndroidManifest.xml:107:13
	android:name
		ADDED from AndroidManifest.xml:106:13
activity#org.codeforafrica.citizenreporter.eNCA.ui.prefs.BlogPreferencesActivity
ADDED from AndroidManifest.xml:108:9
	android:windowSoftInputMode
		ADDED from AndroidManifest.xml:111:13
	android:theme
		ADDED from AndroidManifest.xml:110:13
	android:name
		ADDED from AndroidManifest.xml:109:13
activity#org.codeforafrica.citizenreporter.eNCA.ui.prefs.LicensesActivity
ADDED from AndroidManifest.xml:112:9
	android:theme
		ADDED from AndroidManifest.xml:114:13
	android:name
		ADDED from AndroidManifest.xml:113:13
activity#org.codeforafrica.citizenreporter.eNCA.ui.prefs.SettingsActivity
ADDED from AndroidManifest.xml:115:9
	android:configChanges
		ADDED from AndroidManifest.xml:117:13
	android:theme
		ADDED from AndroidManifest.xml:118:13
	android:name
		ADDED from AndroidManifest.xml:116:13
activity#org.codeforafrica.citizenreporter.eNCA.networking.SSLCertsViewActivity
ADDED from AndroidManifest.xml:119:9
	android:theme
		ADDED from AndroidManifest.xml:121:13
	android:name
		ADDED from AndroidManifest.xml:120:13
activity#org.codeforafrica.citizenreporter.eNCA.ui.comments.CommentsActivity
ADDED from AndroidManifest.xml:124:9
	android:theme
		ADDED from AndroidManifest.xml:126:13
	android:name
		ADDED from AndroidManifest.xml:125:13
activity#org.codeforafrica.citizenreporter.eNCA.ui.comments.CommentDetailActivity
ADDED from AndroidManifest.xml:127:9
	android:windowSoftInputMode
		ADDED from AndroidManifest.xml:130:13
	android:theme
		ADDED from AndroidManifest.xml:129:13
	android:name
		ADDED from AndroidManifest.xml:128:13
activity#org.codeforafrica.citizenreporter.eNCA.ui.comments.EditCommentActivity
ADDED from AndroidManifest.xml:131:9
	android:theme
		ADDED from AndroidManifest.xml:133:13
	android:name
		ADDED from AndroidManifest.xml:132:13
activity#org.codeforafrica.citizenreporter.eNCA.ui.posts.AddCategoryActivity
ADDED from AndroidManifest.xml:136:9
	android:label
		ADDED from AndroidManifest.xml:138:13
	android:theme
		ADDED from AndroidManifest.xml:139:13
	android:name
		ADDED from AndroidManifest.xml:137:13
activity#org.wordpress.android.editor.legacy.EditLinkActivity
ADDED from AndroidManifest.xml:140:9
MERGED from org.wordpress:WordPressEditor:1.0:release:12:9
	android:label
		ADDED from AndroidManifest.xml:142:13
	android:windowSoftInputMode
		ADDED from AndroidManifest.xml:144:13
	android:theme
		ADDED from AndroidManifest.xml:143:13
	android:name
		ADDED from AndroidManifest.xml:141:13
activity#org.codeforafrica.citizenreporter.eNCA.ui.posts.EditPostActivity
ADDED from AndroidManifest.xml:145:9
	android:windowSoftInputMode
		ADDED from AndroidManifest.xml:148:13
	android:configChanges
		ADDED from AndroidManifest.xml:147:13
	android:theme
		ADDED from AndroidManifest.xml:149:13
	android:name
		ADDED from AndroidManifest.xml:146:13
meta-data#android.support.PARENT_ACTIVITY
ADDED from AndroidManifest.xml:150:13
	android:value
		ADDED from AndroidManifest.xml:152:17
	android:name
		ADDED from AndroidManifest.xml:151:17
intent-filter#android.intent.action.MAIN
ADDED from AndroidManifest.xml:153:13
activity#org.codeforafrica.citizenreporter.eNCA.ui.storyboard.StoryBoardActivity
ADDED from AndroidManifest.xml:157:9
	android:windowSoftInputMode
		ADDED from AndroidManifest.xml:160:13
	android:configChanges
		ADDED from AndroidManifest.xml:159:13
	android:theme
		ADDED from AndroidManifest.xml:161:13
	android:name
		ADDED from AndroidManifest.xml:158:13
activity#org.codeforafrica.citizenreporter.eNCA.ui.posts.PostsActivity
ADDED from AndroidManifest.xml:166:9
	android:theme
		ADDED from AndroidManifest.xml:168:13
	android:name
		ADDED from AndroidManifest.xml:167:13
activity#org.codeforafrica.citizenreporter.eNCA.ui.posts.StoryBoard
ADDED from AndroidManifest.xml:173:9
	android:screenOrientation
		ADDED from AndroidManifest.xml:177:13
	android:configChanges
		ADDED from AndroidManifest.xml:174:13
	android:theme
		ADDED from AndroidManifest.xml:176:13
	android:name
		ADDED from AndroidManifest.xml:175:13
activity#org.codeforafrica.citizenreporter.eNCA.ui.posts.LessonsActivity
ADDED from AndroidManifest.xml:179:9
	android:theme
		ADDED from AndroidManifest.xml:181:13
	android:name
		ADDED from AndroidManifest.xml:180:13
activity#org.codeforafrica.citizenreporter.eNCA.chat.ChatActivity
ADDED from AndroidManifest.xml:183:9
	android:theme
		ADDED from AndroidManifest.xml:185:13
	android:name
		ADDED from AndroidManifest.xml:184:13
activity#org.codeforafrica.citizenreporter.eNCA.wallet.PaymentsListActivity
ADDED from AndroidManifest.xml:187:9
	android:theme
		ADDED from AndroidManifest.xml:189:13
	android:name
		ADDED from AndroidManifest.xml:188:13
activity#org.codeforafrica.citizenreporter.eNCA.wallet.Stats
ADDED from AndroidManifest.xml:191:9
	android:theme
		ADDED from AndroidManifest.xml:193:13
	android:name
		ADDED from AndroidManifest.xml:192:13
activity#org.codeforafrica.citizenreporter.eNCA.overlaycamera.OverlayCameraActivity
ADDED from AndroidManifest.xml:195:9
	android:screenOrientation
		ADDED from AndroidManifest.xml:198:13
	android:theme
		ADDED from AndroidManifest.xml:197:13
	android:name
		ADDED from AndroidManifest.xml:196:13
activity#org.codeforafrica.citizenreporter.eNCA.ui.main.RipotiMainActivity
ADDED from AndroidManifest.xml:201:9
	android:theme
		ADDED from AndroidManifest.xml:203:13
	android:name
		ADDED from AndroidManifest.xml:202:13
activity#org.codeforafrica.citizenreporter.eNCA.main.UserMenuActivity
ADDED from AndroidManifest.xml:204:9
	android:theme
		ADDED from AndroidManifest.xml:206:13
	android:name
		ADDED from AndroidManifest.xml:205:13
activity#org.codeforafrica.citizenreporter.eNCA.ui.posts.PagesActivity
ADDED from AndroidManifest.xml:207:9
	android:theme
		ADDED from AndroidManifest.xml:209:13
	android:name
		ADDED from AndroidManifest.xml:208:13
activity#org.codeforafrica.citizenreporter.eNCA.ui.posts.SelectCategoriesActivity
ADDED from AndroidManifest.xml:210:9
	android:theme
		ADDED from AndroidManifest.xml:212:13
	android:name
		ADDED from AndroidManifest.xml:211:13
activity#org.codeforafrica.citizenreporter.eNCA.ui.stats.StatsActivity
ADDED from AndroidManifest.xml:215:9
	android:theme
		ADDED from AndroidManifest.xml:216:19
	android:name
		ADDED from AndroidManifest.xml:215:19
activity#org.codeforafrica.citizenreporter.eNCA.ui.stats.StatsViewAllActivity
ADDED from AndroidManifest.xml:218:9
	android:theme
		ADDED from AndroidManifest.xml:219:19
	android:name
		ADDED from AndroidManifest.xml:218:19
activity#org.codeforafrica.citizenreporter.eNCA.ui.stats.StatsSinglePostDetailsActivity
ADDED from AndroidManifest.xml:221:9
	android:theme
		ADDED from AndroidManifest.xml:222:13
	android:name
		ADDED from AndroidManifest.xml:221:19
activity#org.codeforafrica.citizenreporter.eNCA.ui.WPWebViewActivity
ADDED from AndroidManifest.xml:224:9
	android:theme
		ADDED from AndroidManifest.xml:225:13
	android:name
		ADDED from AndroidManifest.xml:224:19
activity#org.codeforafrica.citizenreporter.eNCA.ui.media.MediaPickerActivity
ADDED from AndroidManifest.xml:228:9
	android:windowSoftInputMode
		ADDED from AndroidManifest.xml:231:13
	android:theme
		ADDED from AndroidManifest.xml:230:13
	android:name
		ADDED from AndroidManifest.xml:229:13
activity#org.codeforafrica.citizenreporter.eNCA.ui.media.MediaBrowserActivity
ADDED from AndroidManifest.xml:233:9
	android:theme
		ADDED from AndroidManifest.xml:234:19
	android:name
		ADDED from AndroidManifest.xml:233:19
activity#org.codeforafrica.citizenreporter.eNCA.ui.media.MediaGalleryActivity
ADDED from AndroidManifest.xml:237:9
	android:name
		ADDED from AndroidManifest.xml:237:19
activity#org.codeforafrica.citizenreporter.eNCA.ui.media.MediaGalleryPickerActivity
ADDED from AndroidManifest.xml:240:9
	android:name
		ADDED from AndroidManifest.xml:240:19
activity#org.codeforafrica.citizenreporter.eNCA.ui.themes.ThemeBrowserActivity
ADDED from AndroidManifest.xml:244:9
	android:theme
		ADDED from AndroidManifest.xml:246:13
	android:name
		ADDED from AndroidManifest.xml:245:13
activity#org.codeforafrica.citizenreporter.eNCA.ui.DeepLinkingIntentReceiverActivity
ADDED from AndroidManifest.xml:250:9
	android:theme
		ADDED from AndroidManifest.xml:252:13
	android:name
		ADDED from AndroidManifest.xml:251:13
intent-filter#android.intent.action.VIEW+android.intent.category.BROWSABLE+android.intent.category.DEFAULT
ADDED from AndroidManifest.xml:253:13
action#android.intent.action.VIEW
ADDED from AndroidManifest.xml:254:17
	android:name
		ADDED from AndroidManifest.xml:254:25
category#android.intent.category.DEFAULT
ADDED from AndroidManifest.xml:255:17
	android:name
		ADDED from AndroidManifest.xml:255:27
category#android.intent.category.BROWSABLE
ADDED from AndroidManifest.xml:256:17
	android:name
		ADDED from AndroidManifest.xml:256:27
data
ADDED from AndroidManifest.xml:257:17
	android:host
		ADDED from AndroidManifest.xml:258:21
	android:scheme
		ADDED from AndroidManifest.xml:259:21
activity#org.codeforafrica.citizenreporter.eNCA.ui.reader.ReaderPostListActivity
ADDED from AndroidManifest.xml:265:9
	android:label
		ADDED from AndroidManifest.xml:268:13
	android:theme
		ADDED from AndroidManifest.xml:267:13
	android:name
		ADDED from AndroidManifest.xml:266:13
activity#org.codeforafrica.citizenreporter.eNCA.ui.reader.ReaderPostPagerActivity
ADDED from AndroidManifest.xml:269:9
	android:windowSoftInputMode
		ADDED from AndroidManifest.xml:272:13
	android:theme
		ADDED from AndroidManifest.xml:271:13
	android:name
		ADDED from AndroidManifest.xml:270:13
activity#org.codeforafrica.citizenreporter.eNCA.ui.reader.ReaderCommentListActivity
ADDED from AndroidManifest.xml:273:9
	android:label
		ADDED from AndroidManifest.xml:276:13
	android:windowSoftInputMode
		ADDED from AndroidManifest.xml:277:13
	android:theme
		ADDED from AndroidManifest.xml:275:13
	android:name
		ADDED from AndroidManifest.xml:274:13
activity#org.codeforafrica.citizenreporter.eNCA.ui.AppLogViewerActivity
ADDED from AndroidManifest.xml:278:9
	android:label
		ADDED from AndroidManifest.xml:281:13
	android:theme
		ADDED from AndroidManifest.xml:280:13
	android:name
		ADDED from AndroidManifest.xml:279:13
activity#org.codeforafrica.citizenreporter.eNCA.ui.reader.ReaderUserListActivity
ADDED from AndroidManifest.xml:282:9
	android:theme
		ADDED from AndroidManifest.xml:284:13
	android:name
		ADDED from AndroidManifest.xml:283:13
activity#org.codeforafrica.citizenreporter.eNCA.ui.reader.ReaderSubsActivity
ADDED from AndroidManifest.xml:285:9
	android:label
		ADDED from AndroidManifest.xml:287:13
	android:windowSoftInputMode
		ADDED from AndroidManifest.xml:289:13
	android:theme
		ADDED from AndroidManifest.xml:288:13
	android:name
		ADDED from AndroidManifest.xml:286:13
activity#org.codeforafrica.citizenreporter.eNCA.ui.reader.ReaderReblogActivity
ADDED from AndroidManifest.xml:290:9
	android:label
		ADDED from AndroidManifest.xml:293:13
	android:windowSoftInputMode
		ADDED from AndroidManifest.xml:294:13
	android:theme
		ADDED from AndroidManifest.xml:292:13
	android:name
		ADDED from AndroidManifest.xml:291:13
activity#org.codeforafrica.citizenreporter.eNCA.ui.reader.ReaderPhotoViewerActivity
ADDED from AndroidManifest.xml:295:9
	android:theme
		ADDED from AndroidManifest.xml:297:13
	android:name
		ADDED from AndroidManifest.xml:296:13
activity#org.codeforafrica.citizenreporter.eNCA.ui.ShareIntentReceiverActivity
ADDED from AndroidManifest.xml:301:9
	android:theme
		ADDED from AndroidManifest.xml:301:104
	android:name
		ADDED from AndroidManifest.xml:301:19
intent-filter#android.intent.action.SEND+android.intent.action.SEND_MULTIPLE+android.intent.category.DEFAULT
ADDED from AndroidManifest.xml:302:13
action#android.intent.action.SEND
ADDED from AndroidManifest.xml:303:17
	android:name
		ADDED from AndroidManifest.xml:303:25
action#android.intent.action.SEND_MULTIPLE
ADDED from AndroidManifest.xml:304:17
	android:name
		ADDED from AndroidManifest.xml:304:25
activity#org.codeforafrica.citizenreporter.eNCA.ui.AddQuickPressShortcutActivity
ADDED from AndroidManifest.xml:312:9
	android:label
		ADDED from AndroidManifest.xml:314:13
	android:name
		ADDED from AndroidManifest.xml:313:13
intent-filter#android.intent.action.CREATE_SHORTCUT+android.intent.category.DEFAULT
ADDED from AndroidManifest.xml:315:13
action#android.intent.action.CREATE_SHORTCUT
ADDED from AndroidManifest.xml:316:17
	android:name
		ADDED from AndroidManifest.xml:316:25
activity#org.codeforafrica.citizenreporter.eNCA.ui.ViewSiteActivity
ADDED from AndroidManifest.xml:321:9
	android:theme
		ADDED from AndroidManifest.xml:323:13
	android:name
		ADDED from AndroidManifest.xml:322:13
activity#org.codeforafrica.citizenreporter.eNCA.ui.main.SitePickerActivity
ADDED from AndroidManifest.xml:325:9
	android:label
		ADDED from AndroidManifest.xml:328:13
	android:theme
		ADDED from AndroidManifest.xml:327:13
	android:name
		ADDED from AndroidManifest.xml:326:13
activity#org.codeforafrica.citizenreporter.eNCA.ui.notifications.NotificationsDetailActivity
ADDED from AndroidManifest.xml:331:9
	android:theme
		ADDED from AndroidManifest.xml:333:13
	android:name
		ADDED from AndroidManifest.xml:332:13
activity#org.wordpress.passcodelock.PasscodeUnlockActivity
ADDED from AndroidManifest.xml:336:9
	android:windowSoftInputMode
		ADDED from AndroidManifest.xml:339:13
	android:theme
		ADDED from AndroidManifest.xml:338:13
	android:name
		ADDED from AndroidManifest.xml:337:13
activity#org.wordpress.passcodelock.PasscodePreferencesActivity
ADDED from AndroidManifest.xml:341:9
	android:windowSoftInputMode
		ADDED from AndroidManifest.xml:345:13
	android:configChanges
		ADDED from AndroidManifest.xml:343:13
	android:theme
		ADDED from AndroidManifest.xml:344:13
	android:name
		ADDED from AndroidManifest.xml:342:13
activity#org.wordpress.passcodelock.PasscodeManagePasswordActivity
ADDED from AndroidManifest.xml:347:9
	android:windowSoftInputMode
		ADDED from AndroidManifest.xml:350:13
	android:theme
		ADDED from AndroidManifest.xml:349:13
	android:name
		ADDED from AndroidManifest.xml:348:13
activity#net.micode.soundrecorder.SoundRecorder
ADDED from AndroidManifest.xml:355:5
	android:screenOrientation
		ADDED from AndroidManifest.xml:359:13
	android:launchMode
		ADDED from AndroidManifest.xml:357:13
	android:configChanges
		ADDED from AndroidManifest.xml:356:13
	android:theme
		ADDED from AndroidManifest.xml:360:13
	android:name
		ADDED from AndroidManifest.xml:358:13
intent-filter#android.intent.action.GET_CONTENT+android.intent.category.DEFAULT+android.intent.category.OPENABLE
ADDED from AndroidManifest.xml:361:13
action#android.intent.action.GET_CONTENT
ADDED from AndroidManifest.xml:362:17
	android:name
		ADDED from AndroidManifest.xml:362:25
category#android.intent.category.OPENABLE
ADDED from AndroidManifest.xml:365:17
	android:name
		ADDED from AndroidManifest.xml:365:27
intent-filter#android.intent.category.DEFAULT+android.provider.MediaStore.RECORD_SOUND
ADDED from AndroidManifest.xml:370:13
action#android.provider.MediaStore.RECORD_SOUND
ADDED from AndroidManifest.xml:371:17
	android:name
		ADDED from AndroidManifest.xml:371:25
activity#net.micode.soundrecorder.SoundRecorderPreferenceActivity
ADDED from AndroidManifest.xml:377:9
	android:label
		ADDED from AndroidManifest.xml:378:13
	android:launchMode
		ADDED from AndroidManifest.xml:379:13
	android:theme
		ADDED from AndroidManifest.xml:381:13
	android:name
		ADDED from AndroidManifest.xml:380:13
service#net.micode.soundrecorder.RecorderService
ADDED from AndroidManifest.xml:384:9
	android:exported
		ADDED from AndroidManifest.xml:385:13
	android:name
		ADDED from AndroidManifest.xml:386:13
service#org.codeforafrica.citizenreporter.eNCA.ui.posts.PostUploadService
ADDED from AndroidManifest.xml:389:9
	android:label
		ADDED from AndroidManifest.xml:391:13
	android:name
		ADDED from AndroidManifest.xml:390:13
service#org.codeforafrica.citizenreporter.eNCA.ui.media.services.MediaUploadService
ADDED from AndroidManifest.xml:394:9
	android:label
		ADDED from AndroidManifest.xml:396:13
	android:name
		ADDED from AndroidManifest.xml:395:13
service#org.codeforafrica.citizenreporter.eNCA.ui.media.services.MediaDeleteService
ADDED from AndroidManifest.xml:399:9
	android:label
		ADDED from AndroidManifest.xml:401:13
	android:name
		ADDED from AndroidManifest.xml:400:13
service#org.codeforafrica.citizenreporter.eNCA.ui.stats.service.StatsService
ADDED from AndroidManifest.xml:404:9
	android:label
		ADDED from AndroidManifest.xml:405:13
	android:exported
		ADDED from AndroidManifest.xml:406:13
	android:name
		ADDED from AndroidManifest.xml:404:18
service#org.codeforafrica.citizenreporter.eNCA.ui.reader.services.ReaderUpdateService
ADDED from AndroidManifest.xml:408:9
	android:label
		ADDED from AndroidManifest.xml:409:13
	android:exported
		ADDED from AndroidManifest.xml:410:13
	android:name
		ADDED from AndroidManifest.xml:408:18
service#org.codeforafrica.citizenreporter.eNCA.ui.reader.services.ReaderPostService
ADDED from AndroidManifest.xml:411:9
	android:label
		ADDED from AndroidManifest.xml:412:13
	android:exported
		ADDED from AndroidManifest.xml:413:13
	android:name
		ADDED from AndroidManifest.xml:411:18
service#org.codeforafrica.citizenreporter.eNCA.ui.reader.services.ReaderCommentService
ADDED from AndroidManifest.xml:414:9
	android:label
		ADDED from AndroidManifest.xml:415:13
	android:exported
		ADDED from AndroidManifest.xml:416:13
	android:name
		ADDED from AndroidManifest.xml:414:18
service#org.codeforafrica.citizenreporter.eNCA.GCMIntentService
ADDED from AndroidManifest.xml:420:9
	android:name
		ADDED from AndroidManifest.xml:420:18
service#org.codeforafrica.citizenreporter.eNCA.ui.suggestion.service.SuggestionService
ADDED from AndroidManifest.xml:422:9
	android:label
		ADDED from AndroidManifest.xml:424:13
	android:exported
		ADDED from AndroidManifest.xml:425:13
	android:name
		ADDED from AndroidManifest.xml:423:13
uses-library#com.sec.android.app.multiwindow
ADDED from AndroidManifest.xml:428:9
	android:required
		ADDED from AndroidManifest.xml:428:23
	android:name
		ADDED from AndroidManifest.xml:428:48
meta-data#com.sec.android.support.multiwindow
ADDED from AndroidManifest.xml:429:9